2026-05-14 17:34:13,409 - INFO - Pipeline Runner initialized. Log: logs/pipeline_run_20260514_173413.log
2026-05-14 17:34:13,409 - INFO - Starting batch processing of 3 files
2026-05-14 17:34:13,409 - INFO - 
[1/3] Processing 671_T1_P1_R1_Take 2026-01-06 03.57.12 PM_001.csv
2026-05-14 17:34:13,409 - INFO - ======================================================================
2026-05-14 17:34:13,409 - INFO - Processing: 671_T1_P1_R1_Take 2026-01-06 03.57.12 PM_001.csv
2026-05-14 17:34:13,409 - INFO - ======================================================================
2026-05-14 17:34:13,417 - INFO - Config updated: current_csv = 671/T1/671_T1_P1_R1_Take 2026-01-06 03.57.12 PM_001.csv
2026-05-14 17:34:13,417 - INFO -   Subject 671: height=179.0cm (measured), weight=72.0kg (measured)
2026-05-14 17:34:13,417 - INFO - Running: 01_Load_Inspect.ipynb
2026-05-14 17:34:22,509 - INFO - Input Notebook:  notebooks/01_Load_Inspect.ipynb
2026-05-14 17:34:22,509 - INFO - Output Notebook: notebooks/01_Load_Inspect_output.ipynb
2026-05-14 17:34:22,509 - INFO - Working directory: .
2026-05-14 17:34:24,771 - INFO - Executing notebook with kernel: python3
2026-05-14 17:34:29,767 - ERROR - Failed after 16.4s: 
---------------------------------------------------------------------------
Exception encountered at "In [7]":
---------------------------------------------------------------------------
FileNotFoundError                         Traceback (most recent call last)
Cell In[7], line 1
----> 1 frame_idx, time_s, pos_mm, q_global, loader_report = parse_optitrack_csv(
      2     CSV_PATH,
      3     schema
      4 )
      6 print("CSV parsed successfully.")

File ~/Desktop/gaga_pipeline_audit/gaga_pipeline_audit/src/preprocessing.py:135, in parse_optitrack_csv(csv_path, schema)
    133 # --- 1. Robustly Read Rows ---
    134 rows = []
--> 135 with open(path, "r", encoding="utf-8", errors="replace", newline="") as f:
    136     reader = csv.reader(f)
    137     for i, row in enumerate(reader):

FileNotFoundError: [Errno 2] No such file or directory: '/Users/drorhazan/Desktop/gaga_pipeline_audit/gaga_pipeline_audit/data/671/T1/671_T1_P1_R1_Take 2026-01-06 03.57.12 PM_001.csv'

2026-05-14 17:34:29,768 - WARNING - Stopping pipeline due to failure in notebook 01
2026-05-14 17:34:29,768 - INFO - 
[2/3] Processing 671_T2_P1_R1_Take 2026-01-15 04.35.25 PM_005.csv
2026-05-14 17:34:29,768 - INFO - ======================================================================
2026-05-14 17:34:29,768 - INFO - Processing: 671_T2_P1_R1_Take 2026-01-15 04.35.25 PM_005.csv
2026-05-14 17:34:29,768 - INFO - ======================================================================
2026-05-14 17:34:29,809 - INFO - Config updated: current_csv = 671/T2/671_T2_P1_R1_Take 2026-01-15 04.35.25 PM_005.csv
2026-05-14 17:34:29,809 - INFO -   Subject 671: height=179.0cm (measured), weight=72.0kg (measured)
2026-05-14 17:34:29,809 - INFO - Running: 01_Load_Inspect.ipynb
2026-05-14 17:34:29,809 - INFO - Input Notebook:  notebooks/01_Load_Inspect.ipynb
2026-05-14 17:34:29,809 - INFO - Output Notebook: notebooks/01_Load_Inspect_output.ipynb
2026-05-14 17:34:29,809 - INFO - Working directory: .
2026-05-14 17:34:30,465 - INFO - Executing notebook with kernel: python3
2026-05-14 17:34:31,715 - ERROR - Failed after 1.9s: 
---------------------------------------------------------------------------
Exception encountered at "In [7]":
---------------------------------------------------------------------------
FileNotFoundError                         Traceback (most recent call last)
Cell In[7], line 1
----> 1 frame_idx, time_s, pos_mm, q_global, loader_report = parse_optitrack_csv(
      2     CSV_PATH,
      3     schema
      4 )
      6 print("CSV parsed successfully.")

File ~/Desktop/gaga_pipeline_audit/gaga_pipeline_audit/src/preprocessing.py:135, in parse_optitrack_csv(csv_path, schema)
    133 # --- 1. Robustly Read Rows ---
    134 rows = []
--> 135 with open(path, "r", encoding="utf-8", errors="replace", newline="") as f:
    136     reader = csv.reader(f)
    137     for i, row in enumerate(reader):

FileNotFoundError: [Errno 2] No such file or directory: '/Users/drorhazan/Desktop/gaga_pipeline_audit/gaga_pipeline_audit/data/671/T2/671_T2_P1_R1_Take 2026-01-15 04.35.25 PM_005.csv'

2026-05-14 17:34:31,716 - WARNING - Stopping pipeline due to failure in notebook 01
2026-05-14 17:34:31,716 - INFO - 
[3/3] Processing 671_T3_P1_R1_Take 2026-02-03 08.05.01 PM_000.csv
2026-05-14 17:34:31,716 - INFO - ======================================================================
2026-05-14 17:34:31,716 - INFO - Processing: 671_T3_P1_R1_Take 2026-02-03 08.05.01 PM_000.csv
2026-05-14 17:34:31,716 - INFO - ======================================================================
2026-05-14 17:34:31,723 - INFO - Config updated: current_csv = 671/T3/671_T3_P1_R1_Take 2026-02-03 08.05.01 PM_000.csv
2026-05-14 17:34:31,723 - INFO -   Subject 671: height=179.0cm (measured), weight=72.0kg (measured)
2026-05-14 17:34:31,723 - INFO - Running: 01_Load_Inspect.ipynb
2026-05-14 17:34:31,723 - INFO - Input Notebook:  notebooks/01_Load_Inspect.ipynb
2026-05-14 17:34:31,723 - INFO - Output Notebook: notebooks/01_Load_Inspect_output.ipynb
2026-05-14 17:34:31,723 - INFO - Working directory: .
2026-05-14 17:34:32,448 - INFO - Executing notebook with kernel: python3
2026-05-14 17:34:33,724 - ERROR - Failed after 2.0s: 
---------------------------------------------------------------------------
Exception encountered at "In [7]":
---------------------------------------------------------------------------
FileNotFoundError                         Traceback (most recent call last)
Cell In[7], line 1
----> 1 frame_idx, time_s, pos_mm, q_global, loader_report = parse_optitrack_csv(
      2     CSV_PATH,
      3     schema
      4 )
      6 print("CSV parsed successfully.")

File ~/Desktop/gaga_pipeline_audit/gaga_pipeline_audit/src/preprocessing.py:135, in parse_optitrack_csv(csv_path, schema)
    133 # --- 1. Robustly Read Rows ---
    134 rows = []
--> 135 with open(path, "r", encoding="utf-8", errors="replace", newline="") as f:
    136     reader = csv.reader(f)
    137     for i, row in enumerate(reader):

FileNotFoundError: [Errno 2] No such file or directory: '/Users/drorhazan/Desktop/gaga_pipeline_audit/gaga_pipeline_audit/data/671/T3/671_T3_P1_R1_Take 2026-02-03 08.05.01 PM_000.csv'

2026-05-14 17:34:33,724 - WARNING - Stopping pipeline due to failure in notebook 01
2026-05-14 17:34:33,724 - INFO - Batch summary saved: reports/batch_summary_20260514_173433.json
